<?xml version="1.0" encoding="UTF-8"?>
<testng-results skipped="1" failed="1" total="7" passed="5">
  <reporter-output>
  </reporter-output>
  <suite name="Default suite" duration-ms="102" started-at="2019-08-26T11:47:12Z" finished-at="2019-08-26T11:47:12Z">
    <groups>
    </groups>
    <test name="Default test" duration-ms="102" started-at="2019-08-26T11:47:12Z" finished-at="2019-08-26T11:47:12Z">
      <class name="com.practice.radha.PracticeTestNGTags">
        <test-method status="PASS" signature="printData(java.lang.String, java.lang.String, java.lang.String, java.lang.String)[pri:0, instance:com.practice.radha.PracticeTestNGTags@7ca48474]" name="printData" duration-ms="17" started-at="2019-08-26T17:17:12Z" data-provider="getData" finished-at="2019-08-26T17:17:12Z">
          <params>
            <param index="0">
              <value>
                <![CDATA[U2]]>
              </value>
            </param>
            <param index="1">
              <value>
                <![CDATA[P2]]>
              </value>
            </param>
            <param index="2">
              <value>
                <![CDATA[Chrome]]>
              </value>
            </param>
            <param index="3">
              <value>
                <![CDATA[Pass]]>
              </value>
            </param>
          </params>
          <reporter-output>
          </reporter-output>
        </test-method> <!-- printData -->
        <test-method status="PASS" signature="printData(java.lang.String, java.lang.String, java.lang.String, java.lang.String)[pri:0, instance:com.practice.radha.PracticeTestNGTags@7ca48474]" name="printData" duration-ms="17" started-at="2019-08-26T17:17:12Z" data-provider="getData" finished-at="2019-08-26T17:17:12Z">
          <params>
            <param index="0">
              <value>
                <![CDATA[U3]]>
              </value>
            </param>
            <param index="1">
              <value>
                <![CDATA[P3]]>
              </value>
            </param>
            <param index="2">
              <value>
                <![CDATA[IE]]>
              </value>
            </param>
            <param index="3">
              <value>
                <![CDATA[Pass]]>
              </value>
            </param>
          </params>
          <reporter-output>
          </reporter-output>
        </test-method> <!-- printData -->
        <test-method status="PASS" signature="printData(java.lang.String, java.lang.String, java.lang.String, java.lang.String)[pri:0, instance:com.practice.radha.PracticeTestNGTags@7ca48474]" name="printData" duration-ms="17" started-at="2019-08-26T17:17:12Z" data-provider="getData" finished-at="2019-08-26T17:17:12Z">
          <params>
            <param index="0">
              <value>
                <![CDATA[U1]]>
              </value>
            </param>
            <param index="1">
              <value>
                <![CDATA[P1]]>
              </value>
            </param>
            <param index="2">
              <value>
                <![CDATA[FF]]>
              </value>
            </param>
            <param index="3">
              <value>
                <![CDATA[Pass]]>
              </value>
            </param>
          </params>
          <reporter-output>
          </reporter-output>
        </test-method> <!-- printData -->
        <test-method status="PASS" signature="Search()[pri:1, instance:com.practice.radha.PracticeTestNGTags@7ca48474]" name="Search" duration-ms="2" started-at="2019-08-26T17:17:12Z" finished-at="2019-08-26T17:17:12Z">
          <reporter-output>
          </reporter-output>
        </test-method> <!-- Search -->
        <test-method status="FAIL" signature="addToCart()[pri:2, instance:com.practice.radha.PracticeTestNGTags@7ca48474]" name="addToCart" duration-ms="5" started-at="2019-08-26T17:17:12Z" finished-at="2019-08-26T17:17:12Z">
          <exception class="java.lang.AssertionError">
            <message>
              <![CDATA[assert error expected [true] but found [false]]]>
            </message>
            <full-stacktrace>
              <![CDATA[java.lang.AssertionError: assert error expected [true] but found [false]
	at org.testng.Assert.fail(Assert.java:94)
	at org.testng.Assert.failNotEquals(Assert.java:513)
	at org.testng.Assert.assertTrue(Assert.java:42)
	at com.practice.radha.PracticeTestNGTags.addToCart(PracticeTestNGTags.java:18)
	at sun.reflect.NativeMethodAccessorImpl.invoke0(Native Method)
	at sun.reflect.NativeMethodAccessorImpl.invoke(NativeMethodAccessorImpl.java:62)
	at sun.reflect.DelegatingMethodAccessorImpl.invoke(DelegatingMethodAccessorImpl.java:43)
	at java.lang.reflect.Method.invoke(Method.java:498)
	at org.testng.internal.MethodInvocationHelper.invokeMethod(MethodInvocationHelper.java:86)
	at org.testng.internal.Invoker.invokeMethod(Invoker.java:646)
	at org.testng.internal.Invoker.invokeTestMethod(Invoker.java:823)
	at org.testng.internal.Invoker.invokeTestMethods(Invoker.java:1131)
	at org.testng.internal.TestMethodWorker.invokeTestMethods(TestMethodWorker.java:129)
	at org.testng.internal.TestMethodWorker.run(TestMethodWorker.java:112)
	at org.testng.TestRunner.privateRun(TestRunner.java:778)
	at org.testng.TestRunner.run(TestRunner.java:632)
	at org.testng.SuiteRunner.runTest(SuiteRunner.java:366)
	at org.testng.SuiteRunner.runSequentially(SuiteRunner.java:361)
	at org.testng.SuiteRunner.privateRun(SuiteRunner.java:319)
	at org.testng.SuiteRunner.run(SuiteRunner.java:268)
	at org.testng.SuiteRunnerWorker.runSuite(SuiteRunnerWorker.java:52)
	at org.testng.SuiteRunnerWorker.run(SuiteRunnerWorker.java:86)
	at org.testng.TestNG.runSuitesSequentially(TestNG.java:1225)
	at org.testng.TestNG.runSuitesLocally(TestNG.java:1150)
	at org.testng.TestNG.runSuites(TestNG.java:1075)
	at org.testng.TestNG.run(TestNG.java:1047)
	at org.testng.remote.AbstractRemoteTestNG.run(AbstractRemoteTestNG.java:126)
	at org.testng.remote.RemoteTestNG.initAndRun(RemoteTestNG.java:137)
	at org.testng.remote.RemoteTestNG.main(RemoteTestNG.java:58)
]]>
            </full-stacktrace>
          </exception> <!-- java.lang.AssertionError -->
          <reporter-output>
          </reporter-output>
        </test-method> <!-- addToCart -->
        <test-method status="PASS" signature="makePayment()[pri:3, instance:com.practice.radha.PracticeTestNGTags@7ca48474]" name="makePayment" duration-ms="3" started-at="2019-08-26T17:17:12Z" finished-at="2019-08-26T17:17:12Z">
          <reporter-output>
          </reporter-output>
        </test-method> <!-- makePayment -->
        <test-method status="SKIP" signature="checkout()[pri:4, instance:com.practice.radha.PracticeTestNGTags@7ca48474]" name="checkout" duration-ms="0" started-at="2019-08-26T17:17:12Z" depends-on-methods="com.practice.radha.PracticeTestNGTags.makePayment, com.practice.radha.PracticeTestNGTags.addToCart" finished-at="2019-08-26T17:17:12Z">
          <exception class="java.lang.Throwable">
            <message>
              <![CDATA[Method PracticeTestNGTags.checkout()[pri:4, instance:com.practice.radha.PracticeTestNGTags@7ca48474] depends on not successfully finished methods]]>
            </message>
            <full-stacktrace>
              <![CDATA[java.lang.Throwable: Method PracticeTestNGTags.checkout()[pri:4, instance:com.practice.radha.PracticeTestNGTags@7ca48474] depends on not successfully finished methods
	at org.testng.internal.Invoker.invokeTestMethods(Invoker.java:1040)
	at org.testng.internal.TestMethodWorker.invokeTestMethods(TestMethodWorker.java:129)
	at org.testng.internal.TestMethodWorker.run(TestMethodWorker.java:112)
	at org.testng.TestRunner.privateRun(TestRunner.java:778)
	at org.testng.TestRunner.run(TestRunner.java:632)
	at org.testng.SuiteRunner.runTest(SuiteRunner.java:366)
	at org.testng.SuiteRunner.runSequentially(SuiteRunner.java:361)
	at org.testng.SuiteRunner.privateRun(SuiteRunner.java:319)
	at org.testng.SuiteRunner.run(SuiteRunner.java:268)
	at org.testng.SuiteRunnerWorker.runSuite(SuiteRunnerWorker.java:52)
	at org.testng.SuiteRunnerWorker.run(SuiteRunnerWorker.java:86)
	at org.testng.TestNG.runSuitesSequentially(TestNG.java:1225)
	at org.testng.TestNG.runSuitesLocally(TestNG.java:1150)
	at org.testng.TestNG.runSuites(TestNG.java:1075)
	at org.testng.TestNG.run(TestNG.java:1047)
	at org.testng.remote.AbstractRemoteTestNG.run(AbstractRemoteTestNG.java:126)
	at org.testng.remote.RemoteTestNG.initAndRun(RemoteTestNG.java:137)
	at org.testng.remote.RemoteTestNG.main(RemoteTestNG.java:58)
]]>
            </full-stacktrace>
          </exception> <!-- java.lang.Throwable -->
          <reporter-output>
          </reporter-output>
        </test-method> <!-- checkout -->
      </class> <!-- com.practice.radha.PracticeTestNGTags -->
    </test> <!-- Default test -->
  </suite> <!-- Default suite -->
</testng-results>
